[2026-02-18T08:01:00.467663+00:00] stack.DEBUG: Вставка 100 значений: [] []
[2026-02-18T08:01:00.469485+00:00] stack.DEBUG:   [Динамический массив + 1] realloc: 98, время: 0 с [] []
[2026-02-18T08:01:00.469755+00:00] stack.DEBUG:   [Динамический массив + 100] realloc: 2, время: 0 с [] []
[2026-02-18T08:01:00.469980+00:00] stack.DEBUG:   [Динамический массив * 2] realloc: 7, время: 0 с [] []
[2026-02-18T08:01:00.470092+00:00] stack.DEBUG: Вставка 1_000 значений: [] []
[2026-02-18T08:01:00.481858+00:00] stack.DEBUG:   [Динамический массив + 1] realloc: 998, время: 0.01 с [] []
[2026-02-18T08:01:00.482087+00:00] stack.DEBUG:   [Динамический массив + 100] realloc: 11, время: 0 с [] []
[2026-02-18T08:01:00.482248+00:00] stack.DEBUG:   [Динамический массив * 2] realloc: 10, время: 0 с [] []
[2026-02-18T08:01:00.482339+00:00] stack.DEBUG: Вставка 10_000 значений: [] []
[2026-02-18T08:01:01.601125+00:00] stack.DEBUG:   [Динамический массив + 1] realloc: 9998, время: 1.12 с [] []
[2026-02-18T08:01:01.613122+00:00] stack.DEBUG:   [Динамический массив + 100] realloc: 101, время: 0.01 с [] []
[2026-02-18T08:01:01.614029+00:00] stack.DEBUG:   [Динамический массив * 2] realloc: 13, время: 0 с [] []
[2026-02-18T08:01:01.614181+00:00] stack.DEBUG: Вставка 100_000 значений: [] []
[2026-02-18T08:01:01.614399+00:00] stack.DEBUG: App\DataStructures\VectorArray умирает с размером данных более 10_000 [] []
[2026-02-18T08:01:02.744021+00:00] stack.DEBUG:   [Динамический массив + 100] realloc: 1001, время: 1.13 с [] []
[2026-02-18T08:01:02.754277+00:00] stack.DEBUG:   [Динамический массив * 2] realloc: 17, время: 0.01 с [] []
[2026-02-18T08:01:02.754696+00:00] stack.DEBUG: Вставка 1_000_000 значений: [] []
[2026-02-18T08:01:02.754907+00:00] stack.DEBUG: App\DataStructures\VectorArray умирает с размером данных более 10_000 [] []
[2026-02-18T08:03:06.579662+00:00] stack.DEBUG:   [Динамический массив + 100] realloc: 10001, время: 123.82 с [] []
[2026-02-18T08:03:06.679943+00:00] stack.DEBUG:   [Динамический массив * 2] realloc: 20, время: 0.1 с [] []
[2026-02-18T08:03:06.683015+00:00] stack.DEBUG: Вставка 10_000_000 значений: [] []
[2026-02-18T08:03:06.683193+00:00] stack.DEBUG: App\DataStructures\VectorArray умирает с размером данных более 10_000 [] []
